d:\!!!universidad!!!\! urjc !\tercer año\pa\practica2_felix_vilches_y_ruben_diaz - copia\practica1_felix_vilches_y_ruben_diaz\debug\vc143.pdb
d:\!!!universidad!!!\! urjc !\tercer año\pa\practica2_felix_vilches_y_ruben_diaz - copia\practica1_felix_vilches_y_ruben_diaz\debug\vc143.idb
d:\!!!universidad!!!\! urjc !\tercer año\pa\practica2_felix_vilches_y_ruben_diaz - copia\practica1_felix_vilches_y_ruben_diaz\debug\vector3d.obj
d:\!!!universidad!!!\! urjc !\tercer año\pa\practica2_felix_vilches_y_ruben_diaz - copia\practica1_felix_vilches_y_ruben_diaz\debug\triangle.obj
d:\!!!universidad!!!\! urjc !\tercer año\pa\practica2_felix_vilches_y_ruben_diaz - copia\practica1_felix_vilches_y_ruben_diaz\debug\torus.obj
d:\!!!universidad!!!\! urjc !\tercer año\pa\practica2_felix_vilches_y_ruben_diaz - copia\practica1_felix_vilches_y_ruben_diaz\debug\teapot.obj
d:\!!!universidad!!!\! urjc !\tercer año\pa\practica2_felix_vilches_y_ruben_diaz - copia\practica1_felix_vilches_y_ruben_diaz\debug\sphere.obj
d:\!!!universidad!!!\! urjc !\tercer año\pa\practica2_felix_vilches_y_ruben_diaz - copia\practica1_felix_vilches_y_ruben_diaz\debug\solid.obj
d:\!!!universidad!!!\! urjc !\tercer año\pa\practica2_felix_vilches_y_ruben_diaz - copia\practica1_felix_vilches_y_ruben_diaz\debug\scene.obj
d:\!!!universidad!!!\! urjc !\tercer año\pa\practica2_felix_vilches_y_ruben_diaz - copia\practica1_felix_vilches_y_ruben_diaz\debug\cuboid.obj
d:\!!!universidad!!!\! urjc !\tercer año\pa\practica2_felix_vilches_y_ruben_diaz - copia\practica1_felix_vilches_y_ruben_diaz\debug\practica2_felix_vilches_y_ruben_diaz.obj
d:\!!!universidad!!!\! urjc !\tercer año\pa\practica2_felix_vilches_y_ruben_diaz - copia\practica1_felix_vilches_y_ruben_diaz\debug\modelloader.obj
d:\!!!universidad!!!\! urjc !\tercer año\pa\practica2_felix_vilches_y_ruben_diaz - copia\practica1_felix_vilches_y_ruben_diaz\debug\model.obj
d:\!!!universidad!!!\! urjc !\tercer año\pa\practica2_felix_vilches_y_ruben_diaz - copia\practica1_felix_vilches_y_ruben_diaz\debug\game.obj
d:\!!!universidad!!!\! urjc !\tercer año\pa\practica2_felix_vilches_y_ruben_diaz - copia\practica1_felix_vilches_y_ruben_diaz\debug\cube.obj
d:\!!!universidad!!!\! urjc !\tercer año\pa\practica2_felix_vilches_y_ruben_diaz - copia\practica1_felix_vilches_y_ruben_diaz\debug\color.obj
d:\!!!universidad!!!\! urjc !\tercer año\pa\practica2_felix_vilches_y_ruben_diaz - copia\practica1_felix_vilches_y_ruben_diaz\debug\cylinder.obj
d:\!!!universidad!!!\! urjc !\tercer año\pa\practica2_felix_vilches_y_ruben_diaz - copia\practica1_felix_vilches_y_ruben_diaz\debug\camera.obj
d:\!!!universidad!!!\! urjc !\tercer año\pa\practica2_felix_vilches_y_ruben_diaz - copia\debug\practica2_felix_vilches_y_ruben_diaz.pdb
d:\!!!universidad!!!\! urjc !\tercer año\pa\practica2_felix_vilches_y_ruben_diaz - copia\practica1_felix_vilches_y_ruben_diaz\debug\practica.c7bb3664.tlog\cl.command.1.tlog
d:\!!!universidad!!!\! urjc !\tercer año\pa\practica2_felix_vilches_y_ruben_diaz - copia\practica1_felix_vilches_y_ruben_diaz\debug\practica.c7bb3664.tlog\cl.read.1.tlog
d:\!!!universidad!!!\! urjc !\tercer año\pa\practica2_felix_vilches_y_ruben_diaz - copia\practica1_felix_vilches_y_ruben_diaz\debug\practica.c7bb3664.tlog\cl.write.1.tlog
d:\!!!universidad!!!\! urjc !\tercer año\pa\practica2_felix_vilches_y_ruben_diaz - copia\practica1_felix_vilches_y_ruben_diaz\debug\practica.c7bb3664.tlog\link-cvtres.read.1.tlog
d:\!!!universidad!!!\! urjc !\tercer año\pa\practica2_felix_vilches_y_ruben_diaz - copia\practica1_felix_vilches_y_ruben_diaz\debug\practica.c7bb3664.tlog\link-cvtres.write.1.tlog
d:\!!!universidad!!!\! urjc !\tercer año\pa\practica2_felix_vilches_y_ruben_diaz - copia\practica1_felix_vilches_y_ruben_diaz\debug\practica.c7bb3664.tlog\link-rc.read.1.tlog
d:\!!!universidad!!!\! urjc !\tercer año\pa\practica2_felix_vilches_y_ruben_diaz - copia\practica1_felix_vilches_y_ruben_diaz\debug\practica.c7bb3664.tlog\link-rc.write.1.tlog
d:\!!!universidad!!!\! urjc !\tercer año\pa\practica2_felix_vilches_y_ruben_diaz - copia\practica1_felix_vilches_y_ruben_diaz\debug\practica.c7bb3664.tlog\link.command.1.tlog
d:\!!!universidad!!!\! urjc !\tercer año\pa\practica2_felix_vilches_y_ruben_diaz - copia\practica1_felix_vilches_y_ruben_diaz\debug\practica.c7bb3664.tlog\link.read.1.tlog
d:\!!!universidad!!!\! urjc !\tercer año\pa\practica2_felix_vilches_y_ruben_diaz - copia\practica1_felix_vilches_y_ruben_diaz\debug\practica.c7bb3664.tlog\link.write.1.tlog
