c:\users\g531\desktop\practicapa2023\p3_rubendiazborrego_felixvilchesguzman\practica1_felix_vilches_y_ruben_diaz\x64\debug\vc143.pdb
c:\users\g531\desktop\practicapa2023\p3_rubendiazborrego_felixvilchesguzman\practica1_felix_vilches_y_ruben_diaz\x64\debug\vc143.idb
c:\users\g531\desktop\practicapa2023\p3_rubendiazborrego_felixvilchesguzman\practica1_felix_vilches_y_ruben_diaz\x64\debug\torus.obj
c:\users\g531\desktop\practicapa2023\p3_rubendiazborrego_felixvilchesguzman\practica1_felix_vilches_y_ruben_diaz\x64\debug\text.obj
c:\users\g531\desktop\practicapa2023\p3_rubendiazborrego_felixvilchesguzman\practica1_felix_vilches_y_ruben_diaz\x64\debug\teapot.obj
c:\users\g531\desktop\practicapa2023\p3_rubendiazborrego_felixvilchesguzman\practica1_felix_vilches_y_ruben_diaz\x64\debug\sphere.obj
c:\users\g531\desktop\practicapa2023\p3_rubendiazborrego_felixvilchesguzman\practica1_felix_vilches_y_ruben_diaz\x64\debug\solid.obj
c:\users\g531\desktop\practicapa2023\p3_rubendiazborrego_felixvilchesguzman\practica1_felix_vilches_y_ruben_diaz\x64\debug\scene.obj
c:\users\g531\desktop\practicapa2023\p3_rubendiazborrego_felixvilchesguzman\practica1_felix_vilches_y_ruben_diaz\x64\debug\ranking.obj
c:\users\g531\desktop\practicapa2023\p3_rubendiazborrego_felixvilchesguzman\practica1_felix_vilches_y_ruben_diaz\x64\debug\cuboid.obj
c:\users\g531\desktop\practicapa2023\p3_rubendiazborrego_felixvilchesguzman\practica1_felix_vilches_y_ruben_diaz\x64\debug\practica2_felix_vilches_y_ruben_diaz.obj
c:\users\g531\desktop\practicapa2023\p3_rubendiazborrego_felixvilchesguzman\practica1_felix_vilches_y_ruben_diaz\x64\debug\powerup.obj
c:\users\g531\desktop\practicapa2023\p3_rubendiazborrego_felixvilchesguzman\practica1_felix_vilches_y_ruben_diaz\x64\debug\modelloader.obj
c:\users\g531\desktop\practicapa2023\p3_rubendiazborrego_felixvilchesguzman\practica1_felix_vilches_y_ruben_diaz\x64\debug\model.obj
c:\users\g531\desktop\practicapa2023\p3_rubendiazborrego_felixvilchesguzman\practica1_felix_vilches_y_ruben_diaz\x64\debug\jugador.obj
c:\users\g531\desktop\practicapa2023\p3_rubendiazborrego_felixvilchesguzman\practica1_felix_vilches_y_ruben_diaz\x64\debug\game.obj
c:\users\g531\desktop\practicapa2023\p3_rubendiazborrego_felixvilchesguzman\practica1_felix_vilches_y_ruben_diaz\x64\debug\escenajuego.obj
c:\users\g531\desktop\practicapa2023\p3_rubendiazborrego_felixvilchesguzman\practica1_felix_vilches_y_ruben_diaz\x64\debug\cube.obj
c:\users\g531\desktop\practicapa2023\p3_rubendiazborrego_felixvilchesguzman\practica1_felix_vilches_y_ruben_diaz\x64\debug\color.obj
c:\users\g531\desktop\practicapa2023\p3_rubendiazborrego_felixvilchesguzman\practica1_felix_vilches_y_ruben_diaz\x64\debug\cylinder.obj
c:\users\g531\desktop\practicapa2023\p3_rubendiazborrego_felixvilchesguzman\practica1_felix_vilches_y_ruben_diaz\x64\debug\camera.obj
c:\users\g531\desktop\practicapa2023\p3_rubendiazborrego_felixvilchesguzman\practica1_felix_vilches_y_ruben_diaz\x64\debug\camarafija.obj
c:\users\g531\desktop\practicapa2023\p3_rubendiazborrego_felixvilchesguzman\practica1_felix_vilches_y_ruben_diaz\x64\debug\vector3d.obj
c:\users\g531\desktop\practicapa2023\p3_rubendiazborrego_felixvilchesguzman\practica1_felix_vilches_y_ruben_diaz\x64\debug\triangle.obj
c:\users\g531\desktop\practicapa2023\p3_rubendiazborrego_felixvilchesguzman\practica1_felix_vilches_y_ruben_diaz\x64\debug\obstaculometeorito.obj
c:\users\g531\desktop\practicapa2023\p3_rubendiazborrego_felixvilchesguzman\practica1_felix_vilches_y_ruben_diaz\x64\debug\enemigos.obj
c:\users\g531\desktop\practicapa2023\p3_rubendiazborrego_felixvilchesguzman\practica1_felix_vilches_y_ruben_diaz\x64\debug\escenainicio.obj
c:\users\g531\desktop\practicapa2023\p3_rubendiazborrego_felixvilchesguzman\x64\debug\practica2_felix_vilches_y_ruben_diaz.pdb
c:\users\g531\desktop\practicapa2023\p3_rubendiazborrego_felixvilchesguzman\practica1_felix_vilches_y_ruben_diaz\x64\debug\practica.c7bb3664.tlog\cl.command.1.tlog
c:\users\g531\desktop\practicapa2023\p3_rubendiazborrego_felixvilchesguzman\practica1_felix_vilches_y_ruben_diaz\x64\debug\practica.c7bb3664.tlog\cl.read.1.tlog
c:\users\g531\desktop\practicapa2023\p3_rubendiazborrego_felixvilchesguzman\practica1_felix_vilches_y_ruben_diaz\x64\debug\practica.c7bb3664.tlog\cl.write.1.tlog
c:\users\g531\desktop\practicapa2023\p3_rubendiazborrego_felixvilchesguzman\practica1_felix_vilches_y_ruben_diaz\x64\debug\practica.c7bb3664.tlog\link-cvtres.read.1.tlog
c:\users\g531\desktop\practicapa2023\p3_rubendiazborrego_felixvilchesguzman\practica1_felix_vilches_y_ruben_diaz\x64\debug\practica.c7bb3664.tlog\link-cvtres.write.1.tlog
c:\users\g531\desktop\practicapa2023\p3_rubendiazborrego_felixvilchesguzman\practica1_felix_vilches_y_ruben_diaz\x64\debug\practica.c7bb3664.tlog\link-rc.read.1.tlog
c:\users\g531\desktop\practicapa2023\p3_rubendiazborrego_felixvilchesguzman\practica1_felix_vilches_y_ruben_diaz\x64\debug\practica.c7bb3664.tlog\link-rc.write.1.tlog
c:\users\g531\desktop\practicapa2023\p3_rubendiazborrego_felixvilchesguzman\practica1_felix_vilches_y_ruben_diaz\x64\debug\practica.c7bb3664.tlog\link.35640-cvtres.read.1.tlog
c:\users\g531\desktop\practicapa2023\p3_rubendiazborrego_felixvilchesguzman\practica1_felix_vilches_y_ruben_diaz\x64\debug\practica.c7bb3664.tlog\link.35640-cvtres.write.1.tlog
c:\users\g531\desktop\practicapa2023\p3_rubendiazborrego_felixvilchesguzman\practica1_felix_vilches_y_ruben_diaz\x64\debug\practica.c7bb3664.tlog\link.35640-rc.read.1.tlog
c:\users\g531\desktop\practicapa2023\p3_rubendiazborrego_felixvilchesguzman\practica1_felix_vilches_y_ruben_diaz\x64\debug\practica.c7bb3664.tlog\link.35640-rc.write.1.tlog
c:\users\g531\desktop\practicapa2023\p3_rubendiazborrego_felixvilchesguzman\practica1_felix_vilches_y_ruben_diaz\x64\debug\practica.c7bb3664.tlog\link.35640.read.1.tlog
c:\users\g531\desktop\practicapa2023\p3_rubendiazborrego_felixvilchesguzman\practica1_felix_vilches_y_ruben_diaz\x64\debug\practica.c7bb3664.tlog\link.35640.read.2.tlog
c:\users\g531\desktop\practicapa2023\p3_rubendiazborrego_felixvilchesguzman\practica1_felix_vilches_y_ruben_diaz\x64\debug\practica.c7bb3664.tlog\link.35640.write.1.tlog
c:\users\g531\desktop\practicapa2023\p3_rubendiazborrego_felixvilchesguzman\practica1_felix_vilches_y_ruben_diaz\x64\debug\practica.c7bb3664.tlog\link.command.1.tlog
c:\users\g531\desktop\practicapa2023\p3_rubendiazborrego_felixvilchesguzman\practica1_felix_vilches_y_ruben_diaz\x64\debug\practica.c7bb3664.tlog\link.read.1.tlog
c:\users\g531\desktop\practicapa2023\p3_rubendiazborrego_felixvilchesguzman\practica1_felix_vilches_y_ruben_diaz\x64\debug\practica.c7bb3664.tlog\link.read.2.tlog
c:\users\g531\desktop\practicapa2023\p3_rubendiazborrego_felixvilchesguzman\practica1_felix_vilches_y_ruben_diaz\x64\debug\practica.c7bb3664.tlog\link.write.1.tlog
